2024-11-27 17:13:44 : Starting Background Repair Crew...
2024-11-27 17:13:44 : Unity Editor verified.
2024-11-27 17:13:44 : Unity project directory verified.
2024-11-27 17:13:44 : MaterialGenerator.cs permissions verified and updated.
2024-11-27 17:13:44 : Attempting to refresh Unity assets...
2024-11-27 17:13:52 : Error: Unity reimport failed. Please check Unity logs.
2024-11-27 17:15:11 : Starting Background Repair Crew...
2024-11-27 17:15:11 : Unity Editor verified.
2024-11-27 17:15:11 : Unity project directory verified.
2024-11-27 17:15:11 : MaterialGenerator.cs permissions verified and updated.
2024-11-27 17:15:11 : Attempting to refresh Unity assets...
2024-11-27 17:15:19 : Error: Unity reimport failed. Please check Unity logs.
2024-11-27 17:21:37 : Starting Background Repair Crew...
2024-11-27 17:21:37 : Unity Editor verified.
2024-11-27 17:21:37 : Unity project directory verified.
2024-11-27 17:21:37 : MaterialGenerator.cs permissions verified and updated.
2024-11-27 17:21:37 : Attempting to refresh Unity assets...
2024-11-27 17:21:38 : Error: Unity reimport failed. Please check Unity logs.
2024-11-27 17:22:40 : Starting Background Repair Crew...
2024-11-27 17:22:40 : Unity Editor verified.
2024-11-27 17:22:40 : Unity project directory verified.
2024-11-27 17:22:40 : MaterialGenerator.cs permissions verified and updated.
2024-11-27 17:22:40 : Attempting to refresh Unity assets...
2024-11-27 17:22:47 : Error: Unity reimport failed. Please check Unity logs.
2024-11-27 17:25:29 : Starting Background Repair Crew...
2024-11-27 17:25:29 : Unity Editor verified.
2024-11-27 17:25:29 : Unity project directory verified.
2024-11-27 17:25:29 : MaterialGenerator.cs permissions verified and updated.
2024-11-27 17:25:29 : Attempting to refresh Unity assets...
2024-11-27 17:25:30 : Error: Unity reimport failed. Please check Unity logs.
2024-11-27 17:26:00 : Starting Background Repair Crew...
2024-11-27 17:26:00 : Unity Editor verified.
2024-11-27 17:26:00 : Unity project directory verified.
2024-11-27 17:26:00 : MaterialGenerator.cs permissions verified and updated.
2024-11-27 17:26:00 : Attempting to refresh Unity assets...
2024-11-27 17:26:07 : Error: Unity reimport failed. Please check Unity logs.
