2024-11-27 14:27:44 - [INFO] Starting Enhanced Load Handler operations...
2024-11-27 14:27:44 - [INFO] Checking required dependencies...
2024-11-27 14:27:44 - [INFO] All dependencies are available.
2024-11-27 14:27:44 - [INFO] Checking system load...
2024-11-27 14:27:44 - [INFO] Current CPU Load: 2.6%
2024-11-27 14:27:44 - [INFO] Current Memory Load: 35.0265%
2024-11-27 14:27:44 - [INFO] System load is within acceptable limits.
2024-11-27 14:27:44 - [INFO] Cleaning up old log files in the home directory...
2024-11-27 14:27:44 - [INFO] Old log files moved to /home/dude/logs_archive
2024-11-27 14:27:44 - [INFO] Load Handler operations completed.
2024-11-27 14:35:14 - [INFO] Starting Enhanced Load Handler operations...
2024-11-27 14:35:14 - [INFO] Checking required dependencies...
2024-11-27 14:35:14 - [INFO] All dependencies are available.
2024-11-27 14:35:14 - [INFO] Checking system load...
2024-11-27 14:35:14 - [INFO] Current CPU Load: 3.6%
2024-11-27 14:35:14 - [INFO] Current Memory Load: 36.1488%
2024-11-27 14:35:14 - [INFO] System load is within acceptable limits.
2024-11-27 14:35:14 - [INFO] Cleaning up old log files in the home directory...
2024-11-27 14:35:14 - [INFO] Old log files moved to /home/dude/logs_archive
2024-11-27 14:35:14 - [INFO] Load Handler operations completed.
2024-11-27 15:50:01 - [INFO] Starting Enhanced Load Handler operations...
2024-11-27 15:50:01 - [INFO] Checking required dependencies...
2024-11-27 15:50:01 - [INFO] All dependencies are available.
2024-11-27 15:50:01 - [INFO] Checking system load...
2024-11-27 15:50:01 - [INFO] Current CPU Load: 1.7%
2024-11-27 15:50:01 - [INFO] Current Memory Load: 50.6276%
2024-11-27 15:50:01 - [INFO] System load is within acceptable limits.
2024-11-27 15:50:01 - [INFO] Cleaning up old log files in the home directory...
2024-11-27 15:50:01 - [INFO] Old log files moved to /home/dude/logs_archive
2024-11-27 15:50:01 - [INFO] Load Handler operations completed.
2024-11-27 16:02:20 - [INFO] Starting Enhanced Load Handler operations...
2024-11-27 16:02:20 - [INFO] Checking required dependencies...
2024-11-27 16:02:20 - [INFO] All dependencies are available.
2024-11-27 16:02:20 - [INFO] Checking system load...
2024-11-27 16:02:20 - [INFO] Current CPU Load: 2.3%
2024-11-27 16:02:20 - [INFO] Current Memory Load: 56.0774%
2024-11-27 16:02:20 - [INFO] System load is within acceptable limits.
2024-11-27 16:02:20 - [INFO] Cleaning up old log files in the home directory...
2024-11-27 16:02:20 - [INFO] Old log files moved to /home/dude/logs_archive
2024-11-27 16:02:20 - [INFO] Load Handler operations completed.
2024-11-27 16:06:00 - [INFO] Starting Enhanced Load Handler operations...
2024-11-27 16:06:00 - [INFO] Checking required dependencies...
2024-11-27 16:06:00 - [INFO] All dependencies are available.
2024-11-27 16:06:00 - [INFO] Checking system load...
2024-11-27 16:06:00 - [INFO] Current CPU Load: 1.2%
2024-11-27 16:06:00 - [INFO] Current Memory Load: 37.6549%
2024-11-27 16:06:00 - [INFO] System load is within acceptable limits.
2024-11-27 16:06:00 - [INFO] Cleaning up old log files in the home directory...
2024-11-27 16:06:00 - [INFO] Old log files moved to /home/dude/logs_archive
2024-11-27 16:06:00 - [INFO] Load Handler operations completed.
2024-11-27 16:06:05 - [INFO] Starting Enhanced Load Handler operations...
2024-11-27 16:06:05 - [INFO] Checking required dependencies...
2024-11-27 16:06:05 - [INFO] All dependencies are available.
2024-11-27 16:06:05 - [INFO] Checking system load...
2024-11-27 16:06:05 - [INFO] Current CPU Load: 4.5%
2024-11-27 16:06:05 - [INFO] Current Memory Load: 37.5615%
2024-11-27 16:06:05 - [INFO] System load is within acceptable limits.
2024-11-27 16:06:05 - [INFO] Cleaning up old log files in the home directory...
2024-11-27 16:06:05 - [INFO] Old log files moved to /home/dude/logs_archive
2024-11-27 16:06:05 - [INFO] Load Handler operations completed.
2024-11-27 16:24:09 - [INFO] Starting Enhanced Load Handler operations...
2024-11-27 16:24:09 - [INFO] Checking required dependencies...
2024-11-27 16:24:09 - [INFO] All dependencies are available.
2024-11-27 16:24:09 - [INFO] Checking system load...
2024-11-27 16:24:09 - [INFO] Current CPU Load: 1.7%
2024-11-27 16:24:09 - [INFO] Current Memory Load: 42.3026%
2024-11-27 16:24:09 - [INFO] System load is within acceptable limits.
2024-11-27 16:24:09 - [INFO] Cleaning up old log files in the home directory...
2024-11-27 16:24:09 - [INFO] Old log files moved to /home/dude/logs_archive
2024-11-27 16:24:09 - [INFO] Load Handler operations completed.
2024-11-27 16:32:16 - [INFO] Starting Enhanced Load Handler operations...
2024-11-27 16:32:16 - [INFO] Checking required dependencies...
2024-11-27 16:32:16 - [INFO] All dependencies are available.
2024-11-27 16:32:16 - [INFO] Checking system load...
2024-11-27 16:32:16 - [INFO] Current CPU Load: 0.6%
2024-11-27 16:32:16 - [INFO] Current Memory Load: 39.9905%
2024-11-27 16:32:16 - [INFO] System load is within acceptable limits.
2024-11-27 16:32:16 - [INFO] Cleaning up old log files in the home directory...
2024-11-27 16:32:16 - [INFO] Old log files moved to /home/dude/logs_archive
2024-11-27 16:32:16 - [INFO] Load Handler operations completed.
2024-11-27 16:32:27 - [INFO] Starting Enhanced Load Handler operations...
2024-11-27 16:32:27 - [INFO] Checking required dependencies...
2024-11-27 16:32:27 - [INFO] All dependencies are available.
2024-11-27 16:32:27 - [INFO] Checking system load...
2024-11-27 16:32:27 - [INFO] Current CPU Load: 1.2%
2024-11-27 16:32:27 - [INFO] Current Memory Load: 40.4509%
2024-11-27 16:32:27 - [INFO] System load is within acceptable limits.
2024-11-27 16:32:27 - [INFO] Cleaning up old log files in the home directory...
2024-11-27 16:32:27 - [INFO] Old log files moved to /home/dude/logs_archive
2024-11-27 16:32:27 - [INFO] Load Handler operations completed.
2024-11-27 17:04:41 - [INFO] Starting Enhanced Load Handler operations...
2024-11-27 17:04:41 - [INFO] Checking required dependencies...
2024-11-27 17:04:41 - [INFO] All dependencies are available.
2024-11-27 17:04:41 - [INFO] Checking system load...
2024-11-27 17:04:41 - [INFO] Current CPU Load: 1.1%
2024-11-27 17:04:41 - [INFO] Current Memory Load: 40.0681%
2024-11-27 17:04:41 - [INFO] System load is within acceptable limits.
2024-11-27 17:04:41 - [INFO] Cleaning up old log files in the home directory...
2024-11-27 17:04:41 - [INFO] Old log files moved to /home/dude/logs_archive
2024-11-27 17:04:41 - [INFO] Load Handler operations completed.
2024-11-27 17:04:44 - [INFO] Starting Enhanced Load Handler operations...
2024-11-27 17:04:44 - [INFO] Checking required dependencies...
2024-11-27 17:04:44 - [INFO] All dependencies are available.
2024-11-27 17:04:44 - [INFO] Checking system load...
2024-11-27 17:04:44 - [INFO] Current CPU Load: 6.1%
2024-11-27 17:04:44 - [INFO] Current Memory Load: 39.8879%
2024-11-27 17:04:44 - [INFO] System load is within acceptable limits.
2024-11-27 17:04:44 - [INFO] Cleaning up old log files in the home directory...
2024-11-27 17:04:44 - [INFO] Old log files moved to /home/dude/logs_archive
2024-11-27 17:04:44 - [INFO] Load Handler operations completed.
2024-11-27 17:27:37 - [INFO] Starting Enhanced Load Handler operations...
2024-11-27 17:27:37 - [INFO] Checking required dependencies...
2024-11-27 17:27:37 - [INFO] All dependencies are available.
2024-11-27 17:27:37 - [INFO] Checking system load...
2024-11-27 17:27:37 - [INFO] Current CPU Load: 1.1%
2024-11-27 17:27:37 - [INFO] Current Memory Load: 37.4192%
2024-11-27 17:27:37 - [INFO] System load is within acceptable limits.
2024-11-27 17:27:37 - [INFO] Cleaning up old log files in the home directory...
2024-11-27 17:27:37 - [INFO] Old log files moved to /home/dude/logs_archive
2024-11-27 17:27:37 - [INFO] Load Handler operations completed.
2024-11-27 18:56:12 - [INFO] Starting Enhanced Load Handler operations...
2024-11-27 18:56:12 - [INFO] Checking required dependencies...
2024-11-27 18:56:12 - [INFO] All dependencies are available.
2024-11-27 18:56:12 - [INFO] Checking system load...
2024-11-27 18:56:12 - [INFO] Current CPU Load: 3.2%
2024-11-27 18:56:12 - [INFO] Current Memory Load: 41.5448%
2024-11-27 18:56:12 - [INFO] System load is within acceptable limits.
2024-11-27 18:56:12 - [INFO] Cleaning up old log files in the home directory...
2024-11-27 18:56:12 - [INFO] Old log files moved to /home/dude/logs_archive
2024-11-27 18:56:12 - [INFO] Load Handler operations completed.
2024-11-27 19:12:59 - [INFO] Starting Enhanced Load Handler operations...
2024-11-27 19:12:59 - [INFO] Checking required dependencies...
2024-11-27 19:12:59 - [INFO] All dependencies are available.
2024-11-27 19:12:59 - [INFO] Checking system load...
2024-11-27 19:12:59 - [INFO] Current CPU Load: 2.3%
2024-11-27 19:12:59 - [INFO] Current Memory Load: 44.0535%
2024-11-27 19:12:59 - [INFO] System load is within acceptable limits.
2024-11-27 19:12:59 - [INFO] Cleaning up old log files in the home directory...
2024-11-27 19:12:59 - [INFO] Old log files moved to /home/dude/logs_archive
2024-11-27 19:12:59 - [INFO] Load Handler operations completed.
2024-11-27 19:20:27 - [INFO] Starting Enhanced Load Handler operations...
2024-11-27 19:20:27 - [INFO] Checking required dependencies...
2024-11-27 19:20:27 - [INFO] All dependencies are available.
2024-11-27 19:20:27 - [INFO] Checking system load...
2024-11-27 19:20:27 - [INFO] Current CPU Load: 0%
2024-11-27 19:20:27 - [INFO] Current Memory Load: 40.0808%
2024-11-27 19:20:27 - [INFO] System load is within acceptable limits.
2024-11-27 19:20:27 - [INFO] Cleaning up old log files in the home directory...
2024-11-27 19:20:27 - [INFO] Old log files moved to /home/dude/logs_archive
2024-11-27 19:20:27 - [INFO] Load Handler operations completed.
2024-11-27 19:20:34 - [INFO] Starting Enhanced Load Handler operations...
2024-11-27 19:20:34 - [INFO] Checking required dependencies...
2024-11-27 19:20:34 - [INFO] All dependencies are available.
2024-11-27 19:20:34 - [INFO] Checking system load...
2024-11-27 19:20:34 - [INFO] Current CPU Load: 1.1%
2024-11-27 19:20:34 - [INFO] Current Memory Load: 40.0613%
2024-11-27 19:20:34 - [INFO] System load is within acceptable limits.
2024-11-27 19:20:34 - [INFO] Cleaning up old log files in the home directory...
2024-11-27 19:20:34 - [INFO] Old log files moved to /home/dude/logs_archive
2024-11-27 19:20:34 - [INFO] Load Handler operations completed.
2024-11-27 19:51:22 - [INFO] Starting Enhanced Load Handler operations...
2024-11-27 19:51:22 - [INFO] Checking required dependencies...
2024-11-27 19:51:22 - [INFO] All dependencies are available.
2024-11-27 19:51:22 - [INFO] Checking system load...
2024-11-27 19:51:22 - [INFO] Current CPU Load: 1.1%
2024-11-27 19:51:22 - [INFO] Current Memory Load: 43.7176%
2024-11-27 19:51:22 - [INFO] System load is within acceptable limits.
2024-11-27 19:51:22 - [INFO] Cleaning up old log files in the home directory...
2024-11-27 19:51:22 - [INFO] Old log files moved to /home/dude/logs_archive
2024-11-27 19:51:22 - [INFO] Load Handler operations completed.
2024-11-27 19:51:25 - [INFO] Starting Enhanced Load Handler operations...
2024-11-27 19:51:25 - [INFO] Checking required dependencies...
2024-11-27 19:51:25 - [INFO] All dependencies are available.
2024-11-27 19:51:25 - [INFO] Checking system load...
2024-11-27 19:51:25 - [INFO] Current CPU Load: 1.8%
2024-11-27 19:51:25 - [INFO] Current Memory Load: 43.744%
2024-11-27 19:51:25 - [INFO] System load is within acceptable limits.
2024-11-27 19:51:25 - [INFO] Cleaning up old log files in the home directory...
2024-11-27 19:51:25 - [INFO] Old log files moved to /home/dude/logs_archive
2024-11-27 19:51:25 - [INFO] Load Handler operations completed.
2024-11-27 20:07:33 - [INFO] Starting Enhanced Load Handler operations...
2024-11-27 20:07:33 - [INFO] Checking required dependencies...
2024-11-27 20:07:33 - [INFO] All dependencies are available.
2024-11-27 20:07:33 - [INFO] Checking system load...
2024-11-27 20:07:33 - [INFO] Current CPU Load: 7.7%
2024-11-27 20:07:33 - [INFO] Current Memory Load: 44.7296%
2024-11-27 20:07:33 - [INFO] System load is within acceptable limits.
2024-11-27 20:07:33 - [INFO] Cleaning up old log files in the home directory...
2024-11-27 20:07:33 - [INFO] Old log files moved to /home/dude/logs_archive
2024-11-27 20:07:33 - [INFO] Load Handler operations completed.
2024-11-27 20:07:42 - [INFO] Starting Enhanced Load Handler operations...
2024-11-27 20:07:42 - [INFO] Checking required dependencies...
2024-11-27 20:07:42 - [INFO] All dependencies are available.
2024-11-27 20:07:42 - [INFO] Checking system load...
2024-11-27 20:07:42 - [INFO] Current CPU Load: 6.5%
2024-11-27 20:07:42 - [INFO] Current Memory Load: 44.5052%
2024-11-27 20:07:42 - [INFO] System load is within acceptable limits.
2024-11-27 20:07:42 - [INFO] Cleaning up old log files in the home directory...
2024-11-27 20:07:42 - [INFO] Old log files moved to /home/dude/logs_archive
2024-11-27 20:07:42 - [INFO] Load Handler operations completed.
2024-11-27 20:39:22 - [INFO] Starting Enhanced Load Handler operations...
2024-11-27 20:39:22 - [INFO] Checking required dependencies...
2024-11-27 20:39:22 - [INFO] All dependencies are available.
2024-11-27 20:39:22 - [INFO] Checking system load...
2024-11-27 20:39:22 - [INFO] Current CPU Load: 7.1%
2024-11-27 20:39:22 - [INFO] Current Memory Load: 48.047%
2024-11-27 20:39:22 - [INFO] System load is within acceptable limits.
2024-11-27 20:39:22 - [INFO] Cleaning up old log files in the home directory...
2024-11-27 20:39:22 - [INFO] Old log files moved to /home/dude/logs_archive
2024-11-27 20:39:22 - [INFO] Load Handler operations completed.
2024-11-29 21:39:11 - [INFO] Starting Enhanced Load Handler operations...
2024-11-29 21:39:11 - [INFO] Checking required dependencies...
2024-11-29 21:39:11 - [INFO] All dependencies are available.
2024-11-29 21:39:11 - [INFO] Checking system load...
2024-11-29 21:39:11 - [INFO] Current CPU Load: 2.9%
2024-11-29 21:39:11 - [INFO] Current Memory Load: 41.8764%
2024-11-29 21:39:11 - [INFO] System load is within acceptable limits.
2024-11-29 21:39:11 - [INFO] Cleaning up old log files in the home directory...
2024-11-29 21:39:11 - [INFO] Old log files moved to /home/dude/logs_archive
2024-11-29 21:39:11 - [INFO] Load Handler operations completed.
2024-11-29 21:39:18 - [INFO] Starting Enhanced Load Handler operations...
2024-11-29 21:39:18 - [INFO] Checking required dependencies...
2024-11-29 21:39:18 - [INFO] All dependencies are available.
2024-11-29 21:39:18 - [INFO] Checking system load...
2024-11-29 21:39:18 - [INFO] Current CPU Load: 1.2%
2024-11-29 21:39:18 - [INFO] Current Memory Load: 41.6597%
2024-11-29 21:39:18 - [INFO] System load is within acceptable limits.
2024-11-29 21:39:18 - [INFO] Cleaning up old log files in the home directory...
2024-11-29 21:39:18 - [INFO] Old log files moved to /home/dude/logs_archive
2024-11-29 21:39:18 - [INFO] Load Handler operations completed.
2024-11-29 22:16:20 - [INFO] Starting Enhanced Load Handler operations...
2024-11-29 22:16:20 - [INFO] Checking required dependencies...
2024-11-29 22:16:20 - [INFO] All dependencies are available.
2024-11-29 22:16:20 - [INFO] Checking system load...
2024-11-29 22:16:20 - [INFO] Current CPU Load: 1.2%
2024-11-29 22:16:20 - [INFO] Current Memory Load: 40.5552%
2024-11-29 22:16:20 - [INFO] System load is within acceptable limits.
2024-11-29 22:16:20 - [INFO] Cleaning up old log files in the home directory...
2024-11-29 22:16:20 - [INFO] Old log files moved to /home/dude/logs_archive
2024-11-29 22:16:20 - [INFO] Load Handler operations completed.
2024-11-29 22:16:25 - [INFO] Starting Enhanced Load Handler operations...
2024-11-29 22:16:25 - [INFO] Checking required dependencies...
2024-11-29 22:16:25 - [INFO] All dependencies are available.
2024-11-29 22:16:25 - [INFO] Checking system load...
2024-11-29 22:16:25 - [INFO] Current CPU Load: 2.6%
2024-11-29 22:16:25 - [INFO] Current Memory Load: 40.8212%
2024-11-29 22:16:25 - [INFO] System load is within acceptable limits.
2024-11-29 22:16:25 - [INFO] Cleaning up old log files in the home directory...
2024-11-29 22:16:25 - [INFO] Old log files moved to /home/dude/logs_archive
2024-11-29 22:16:25 - [INFO] Load Handler operations completed.
2024-11-29 23:18:51 - [INFO] Starting Enhanced Load Handler operations...
2024-11-29 23:18:51 - [INFO] Checking required dependencies...
2024-11-29 23:18:51 - [INFO] All dependencies are available.
2024-11-29 23:18:51 - [INFO] Checking system load...
2024-11-29 23:18:51 - [INFO] Current CPU Load: 2.3%
2024-11-29 23:18:51 - [INFO] Current Memory Load: 37.2785%
2024-11-29 23:18:51 - [INFO] System load is within acceptable limits.
2024-11-29 23:18:51 - [INFO] Cleaning up old log files in the home directory...
2024-11-29 23:18:51 - [INFO] Old log files moved to /home/dude/logs_archive
2024-11-29 23:18:51 - [INFO] Load Handler operations completed.
2024-11-29 23:19:41 - [INFO] Starting Enhanced Load Handler operations...
2024-11-29 23:19:41 - [INFO] Checking required dependencies...
2024-11-29 23:19:41 - [INFO] All dependencies are available.
2024-11-29 23:19:41 - [INFO] Checking system load...
2024-11-29 23:19:41 - [INFO] Current CPU Load: 6.6%
2024-11-29 23:19:41 - [INFO] Current Memory Load: 40.8709%
2024-11-29 23:19:41 - [INFO] System load is within acceptable limits.
2024-11-29 23:19:41 - [INFO] Cleaning up old log files in the home directory...
2024-11-29 23:19:41 - [INFO] Old log files moved to /home/dude/logs_archive
2024-11-29 23:19:41 - [INFO] Load Handler operations completed.
